# JRE version: OpenJDK Runtime Environment Temurin-17.0.3+7 (17.0.3+7) (build 17.0.3+7)
# Java VM: OpenJDK 64-Bit Server VM Temurin-17.0.3+7 (17.0.3+7, mixed mode, tiered, compressed oops, compressed class ptrs, parallel gc, windows-amd64)
GC Precious Log:
 CPUs: 8 total, 8 available
 Memory: 8121M
 Large Page Support: Disabled
 NUMA Support: Disabled
 Compressed Oops: Enabled (32-bit)
 Alignments: Space 512K, Generation 512K, Heap 2M
 Heap Min Capacity: 100M
 Heap Initial Capacity: 100M
 Heap Max Capacity: 1G
 Pre-touch: Disabled
 Parallel Workers: 8
Heap:
 PSYoungGen      total 2560K, used 2559K [0x00000000eab00000, 0x00000000eb080000, 0x0000000100000000)
  eden space 1536K, 99% used [0x00000000eab00000,0x00000000eac7ffc0,0x00000000eac80000)
  from space 1024K, 100% used [0x00000000ead00000,0x00000000eae00000,0x00000000eae00000)
  to   space 2048K, 79% used [0x00000000eae80000,0x00000000eb018000,0x00000000eb080000)
 ParOldGen       total 260608K, used 260164K [0x00000000c0000000, 0x00000000cfe80000, 0x00000000eab00000)
  object space 260608K, 99% used [0x00000000c0000000,0x00000000cfe111c8,0x00000000cfe80000)
 Metaspace       used 83064K, committed 84032K, reserved 1130496K
  class space    used 8175K, committed 8576K, reserved 1048576K
GC Heap History (20 events):
Event: 2867.024 GC heap after
{Heap after GC invocations=8787 (full 144):
 PSYoungGen      total 6144K, used 2813K [0x00000000eab00000, 0x00000000eb500000, 0x0000000100000000)
  eden space 3072K, 0% used [0x00000000eab00000,0x00000000eab00000,0x00000000eae00000)
  from space 3072K, 91% used [0x00000000eb200000,0x00000000eb4bf690,0x00000000eb500000)
  to   space 3072K, 0% used [0x00000000eaf00000,0x00000000eaf00000,0x00000000eb200000)
 ParOldGen       total 260096K, used 246969K [0x00000000c0000000, 0x00000000cfe00000, 0x00000000eab00000)
  object space 260096K, 94% used [0x00000000c0000000,0x00000000cf12e6b8,0x00000000cfe00000)
 Metaspace       used 83064K, committed 84032K, reserved 1130496K
  class space    used 8175K, committed 8576K, reserved 1048576K
}
Event: 2867.030 GC heap before
{Heap before GC invocations=8788 (full 144):
 PSYoungGen      total 6144K, used 5885K [0x00000000eab00000, 0x00000000eb500000, 0x0000000100000000)
  eden space 3072K, 99% used [0x00000000eab00000,0x00000000eadfffe0,0x00000000eae00000)
  from space 3072K, 91% used [0x00000000eb200000,0x00000000eb4bf690,0x00000000eb500000)
  to   space 3072K, 0% used [0x00000000eaf00000,0x00000000eaf00000,0x00000000eb200000)
 ParOldGen       total 260096K, used 246969K [0x00000000c0000000, 0x00000000cfe00000, 0x00000000eab00000)
  object space 260096K, 94% used [0x00000000c0000000,0x00000000cf12e6b8,0x00000000cfe00000)
 Metaspace       used 83064K, committed 84032K, reserved 1130496K
  class space    used 8175K, committed 8576K, reserved 1048576K
}
Event: 2867.031 GC heap after
{Heap after GC invocations=8788 (full 144):
 PSYoungGen      total 5120K, used 1597K [0x00000000eab00000, 0x00000000eb300000, 0x0000000100000000)
  eden space 3072K, 0% used [0x00000000eab00000,0x00000000eab00000,0x00000000eae00000)
  from space 2048K, 78% used [0x00000000eaf00000,0x00000000eb08f690,0x00000000eb100000)
  to   space 2048K, 0% used [0x00000000eb100000,0x00000000eb100000,0x00000000eb300000)
 ParOldGen       total 260096K, used 247694K [0x00000000c0000000, 0x00000000cfe00000, 0x00000000eab00000)
  object space 260096K, 95% used [0x00000000c0000000,0x00000000cf1e3b38,0x00000000cfe00000)
 Metaspace       used 83064K, committed 84032K, reserved 1130496K
  class space    used 8175K, committed 8576K, reserved 1048576K
}
Event: 2867.038 GC heap before
{Heap before GC invocations=8789 (full 144):
 PSYoungGen      total 5120K, used 4669K [0x00000000eab00000, 0x00000000eb300000, 0x0000000100000000)
  eden space 3072K, 100% used [0x00000000eab00000,0x00000000eae00000,0x00000000eae00000)
  from space 2048K, 78% used [0x00000000eaf00000,0x00000000eb08f690,0x00000000eb100000)
  to   space 2048K, 0% used [0x00000000eb100000,0x00000000eb100000,0x00000000eb300000)
 ParOldGen       total 260096K, used 247694K [0x00000000c0000000, 0x00000000cfe00000, 0x00000000eab00000)
  object space 260096K, 95% used [0x00000000c0000000,0x00000000cf1e3b38,0x00000000cfe00000)
 Metaspace       used 83064K, committed 84032K, reserved 1130496K
  class space    used 8175K, committed 8576K, reserved 1048576K
}
Event: 2867.039 GC heap after
{Heap after GC invocations=8789 (full 144):
 PSYoungGen      total 4096K, used 829K [0x00000000eab00000, 0x00000000eb200000, 0x0000000100000000)
  eden space 3072K, 0% used [0x00000000eab00000,0x00000000eab00000,0x00000000eae00000)
  from space 1024K, 81% used [0x00000000eb100000,0x00000000eb1cf690,0x00000000eb200000)
  to   space 1536K, 0% used [0x00000000eaf00000,0x00000000eaf00000,0x00000000eb080000)
 ParOldGen       total 260096K, used 247710K [0x00000000c0000000, 0x00000000cfe00000, 0x00000000eab00000)
  object space 260096K, 95% used [0x00000000c0000000,0x00000000cf1e7b38,0x00000000cfe00000)
 Metaspace       used 83064K, committed 84032K, reserved 1130496K
  class space    used 8175K, committed 8576K, reserved 1048576K
}
Event: 2867.045 GC heap before
{Heap before GC invocations=8790 (full 144):
 PSYoungGen      total 4096K, used 3901K [0x00000000eab00000, 0x00000000eb200000, 0x0000000100000000)
  eden space 3072K, 100% used [0x00000000eab00000,0x00000000eae00000,0x00000000eae00000)
  from space 1024K, 81% used [0x00000000eb100000,0x00000000eb1cf690,0x00000000eb200000)
  to   space 1536K, 0% used [0x00000000eaf00000,0x00000000eaf00000,0x00000000eb080000)
 ParOldGen       total 260096K, used 247710K [0x00000000c0000000, 0x00000000cfe00000, 0x00000000eab00000)
  object space 260096K, 95% used [0x00000000c0000000,0x00000000cf1e7b38,0x00000000cfe00000)
 Metaspace       used 83064K, committed 84032K, reserved 1130496K
  class space    used 8175K, committed 8576K, reserved 1048576K
}
Event: 2867.046 GC heap after
{Heap after GC invocations=8790 (full 144):
 PSYoungGen      total 4608K, used 96K [0x00000000eab00000, 0x00000000eb180000, 0x0000000100000000)
  eden space 3072K, 0% used [0x00000000eab00000,0x00000000eab00000,0x00000000eae00000)
  from space 1536K, 6% used [0x00000000eaf00000,0x00000000eaf18000,0x00000000eb080000)
  to   space 512K, 0% used [0x00000000eb100000,0x00000000eb100000,0x00000000eb180000)
 ParOldGen       total 260096K, used 248059K [0x00000000c0000000, 0x00000000cfe00000, 0x00000000eab00000)
  object space 260096K, 95% used [0x00000000c0000000,0x00000000cf23efb8,0x00000000cfe00000)
 Metaspace       used 83064K, committed 84032K, reserved 1130496K
  class space    used 8175K, committed 8576K, reserved 1048576K
}
Event: 2867.051 GC heap before
{Heap before GC invocations=8791 (full 144):
 PSYoungGen      total 4608K, used 3168K [0x00000000eab00000, 0x00000000eb180000, 0x0000000100000000)
  eden space 3072K, 100% used [0x00000000eab00000,0x00000000eae00000,0x00000000eae00000)
  from space 1536K, 6% used [0x00000000eaf00000,0x00000000eaf18000,0x00000000eb080000)
  to   space 512K, 0% used [0x00000000eb100000,0x00000000eb100000,0x00000000eb180000)
 ParOldGen       total 260096K, used 248059K [0x00000000c0000000, 0x00000000cfe00000, 0x00000000eab00000)
  object space 260096K, 95% used [0x00000000c0000000,0x00000000cf23efb8,0x00000000cfe00000)
 Metaspace       used 83064K, committed 84032K, reserved 1130496K
  class space    used 8175K, committed 8576K, reserved 1048576K
}
Event: 2867.052 GC heap after
{Heap after GC invocations=8791 (full 144):
 PSYoungGen      total 2560K, used 509K [0x00000000eab00000, 0x00000000eb600000, 0x0000000100000000)
  eden space 2048K, 0% used [0x00000000eab00000,0x00000000eab00000,0x00000000ead00000)
  from space 512K, 99% used [0x00000000eb100000,0x00000000eb17f690,0x00000000eb180000)
  to   space 4096K, 0% used [0x00000000ead00000,0x00000000ead00000,0x00000000eb100000)
 ParOldGen       total 260096K, used 250635K [0x00000000c0000000, 0x00000000cfe00000, 0x00000000eab00000)
  object space 260096K, 96% used [0x00000000c0000000,0x00000000cf4c2fb8,0x00000000cfe00000)
 Metaspace       used 83064K, committed 84032K, reserved 1130496K
  class space    used 8175K, committed 8576K, reserved 1048576K
}
Event: 2867.551 GC heap before
{Heap before GC invocations=8792 (full 144):
 PSYoungGen      total 2560K, used 2557K [0x00000000eab00000, 0x00000000eb600000, 0x0000000100000000)
  eden space 2048K, 100% used [0x00000000eab00000,0x00000000ead00000,0x00000000ead00000)
  from space 512K, 99% used [0x00000000eb100000,0x00000000eb17f690,0x00000000eb180000)
  to   space 4096K, 0% used [0x00000000ead00000,0x00000000ead00000,0x00000000eb100000)
 ParOldGen       total 260096K, used 250635K [0x00000000c0000000, 0x00000000cfe00000, 0x00000000eab00000)
  object space 260096K, 96% used [0x00000000c0000000,0x00000000cf4c2fb8,0x00000000cfe00000)
 Metaspace       used 83064K, committed 84032K, reserved 1130496K
  class space    used 8175K, committed 8576K, reserved 1048576K
}
Event: 2867.552 GC heap after
{Heap after GC invocations=8792 (full 144):
 PSYoungGen      total 3584K, used 1373K [0x00000000eab00000, 0x00000000eb180000, 0x0000000100000000)
  eden space 2048K, 0% used [0x00000000eab00000,0x00000000eab00000,0x00000000ead00000)
  from space 1536K, 89% used [0x00000000ead00000,0x00000000eae57690,0x00000000eae80000)
  to   space 2048K, 0% used [0x00000000eaf80000,0x00000000eaf80000,0x00000000eb180000)
 ParOldGen       total 260096K, used 250651K [0x00000000c0000000, 0x00000000cfe00000, 0x00000000eab00000)
  object space 260096K, 96% used [0x00000000c0000000,0x00000000cf4c6fb8,0x00000000cfe00000)
 Metaspace       used 83064K, committed 84032K, reserved 1130496K
  class space    used 8175K, committed 8576K, reserved 1048576K
}
Event: 2867.555 GC heap before
{Heap before GC invocations=8793 (full 144):
 PSYoungGen      total 3584K, used 3421K [0x00000000eab00000, 0x00000000eb180000, 0x0000000100000000)
  eden space 2048K, 100% used [0x00000000eab00000,0x00000000ead00000,0x00000000ead00000)
  from space 1536K, 89% used [0x00000000ead00000,0x00000000eae57690,0x00000000eae80000)
  to   space 2048K, 0% used [0x00000000eaf80000,0x00000000eaf80000,0x00000000eb180000)
 ParOldGen       total 260096K, used 250651K [0x00000000c0000000, 0x00000000cfe00000, 0x00000000eab00000)
  object space 260096K, 96% used [0x00000000c0000000,0x00000000cf4c6fb8,0x00000000cfe00000)
 Metaspace       used 83064K, committed 84032K, reserved 1130496K
  class space    used 8175K, committed 8576K, reserved 1048576K
}
Event: 2867.557 GC heap after
{Heap after GC invocations=8793 (full 144):
 PSYoungGen      total 2560K, used 2048K [0x00000000eab00000, 0x00000000eb500000, 0x0000000100000000)
  eden space 512K, 0% used [0x00000000eab00000,0x00000000eab00000,0x00000000eab80000)
  from space 2048K, 100% used [0x00000000eaf80000,0x00000000eb180000,0x00000000eb180000)
  to   space 4096K, 0% used [0x00000000eab80000,0x00000000eab80000,0x00000000eaf80000)
 ParOldGen       total 260096K, used 251974K [0x00000000c0000000, 0x00000000cfe00000, 0x00000000eab00000)
  object space 260096K, 96% used [0x00000000c0000000,0x00000000cf611ac8,0x00000000cfe00000)
 Metaspace       used 83064K, committed 84032K, reserved 1130496K
  class space    used 8175K, committed 8576K, reserved 1048576K
}
Event: 2867.558 GC heap before
{Heap before GC invocations=8794 (full 144):
 PSYoungGen      total 2560K, used 2560K [0x00000000eab00000, 0x00000000eb500000, 0x0000000100000000)
  eden space 512K, 100% used [0x00000000eab00000,0x00000000eab80000,0x00000000eab80000)
  from space 2048K, 100% used [0x00000000eaf80000,0x00000000eb180000,0x00000000eb180000)
  to   space 4096K, 0% used [0x00000000eab80000,0x00000000eab80000,0x00000000eaf80000)
 ParOldGen       total 260096K, used 251974K [0x00000000c0000000, 0x00000000cfe00000, 0x00000000eab00000)
  object space 260096K, 96% used [0x00000000c0000000,0x00000000cf611ac8,0x00000000cfe00000)
 Metaspace       used 83064K, committed 84032K, reserved 1130496K
  class space    used 8175K, committed 8576K, reserved 1048576K
}
Event: 2867.560 GC heap after
{Heap after GC invocations=8794 (full 144):
 PSYoungGen      total 1536K, used 608K [0x00000000eab00000, 0x00000000eb000000, 0x0000000100000000)
  eden space 512K, 0% used [0x00000000eab00000,0x00000000eab00000,0x00000000eab80000)
  from space 1024K, 59% used [0x00000000eab80000,0x00000000eac18000,0x00000000eac80000)
  to   space 2048K, 0% used [0x00000000eae00000,0x00000000eae00000,0x00000000eb000000)
 ParOldGen       total 260096K, used 253998K [0x00000000c0000000, 0x00000000cfe00000, 0x00000000eab00000)
  object space 260096K, 97% used [0x00000000c0000000,0x00000000cf80bac8,0x00000000cfe00000)
 Metaspace       used 83064K, committed 84032K, reserved 1130496K
  class space    used 8175K, committed 8576K, reserved 1048576K
}
Event: 2867.562 GC heap before
{Heap before GC invocations=8795 (full 144):
 PSYoungGen      total 1536K, used 1119K [0x00000000eab00000, 0x00000000eb000000, 0x0000000100000000)
  eden space 512K, 99% used [0x00000000eab00000,0x00000000eab7fff8,0x00000000eab80000)
  from space 1024K, 59% used [0x00000000eab80000,0x00000000eac18000,0x00000000eac80000)
  to   space 2048K, 0% used [0x00000000eae00000,0x00000000eae00000,0x00000000eb000000)
 ParOldGen       total 260096K, used 253998K [0x00000000c0000000, 0x00000000cfe00000, 0x00000000eab00000)
  object space 260096K, 97% used [0x00000000c0000000,0x00000000cf80bac8,0x00000000cfe00000)
 Metaspace       used 83064K, committed 84032K, reserved 1130496K
  class space    used 8175K, committed 8576K, reserved 1048576K
}
Event: 2867.563 GC heap after
{Heap after GC invocations=8795 (full 144):
 PSYoungGen      total 2048K, used 637K [0x00000000eab00000, 0x00000000eaf00000, 0x0000000100000000)
  eden space 1024K, 0% used [0x00000000eab00000,0x00000000eab00000,0x00000000eac00000)
  from space 1024K, 62% used [0x00000000eae00000,0x00000000eae9f690,0x00000000eaf00000)
  to   space 1024K, 0% used [0x00000000ead00000,0x00000000ead00000,0x00000000eae00000)
 ParOldGen       total 260096K, used 254510K [0x00000000c0000000, 0x00000000cfe00000, 0x00000000eab00000)
  object space 260096K, 97% used [0x00000000c0000000,0x00000000cf88bac8,0x00000000cfe00000)
 Metaspace       used 83064K, committed 84032K, reserved 1130496K
  class space    used 8175K, committed 8576K, reserved 1048576K
}
Event: 2867.564 GC heap before
{Heap before GC invocations=8796 (full 144):
 PSYoungGen      total 2048K, used 1661K [0x00000000eab00000, 0x00000000eaf00000, 0x0000000100000000)
  eden space 1024K, 100% used [0x00000000eab00000,0x00000000eac00000,0x00000000eac00000)
  from space 1024K, 62% used [0x00000000eae00000,0x00000000eae9f690,0x00000000eaf00000)
  to   space 1024K, 0% used [0x00000000ead00000,0x00000000ead00000,0x00000000eae00000)
 ParOldGen       total 260096K, used 254510K [0x00000000c0000000, 0x00000000cfe00000, 0x00000000eab00000)
  object space 260096K, 97% used [0x00000000c0000000,0x00000000cf88bac8,0x00000000cfe00000)
 Metaspace       used 83064K, committed 84032K, reserved 1130496K
  class space    used 8175K, committed 8576K, reserved 1048576K
}
Event: 2867.565 GC heap after
{Heap after GC invocations=8796 (full 144):
 PSYoungGen      total 2560K, used 1024K [0x00000000eab00000, 0x00000000eb080000, 0x0000000100000000)
  eden space 1536K, 0% used [0x00000000eab00000,0x00000000eab00000,0x00000000eac80000)
  from space 1024K, 100% used [0x00000000ead00000,0x00000000eae00000,0x00000000eae00000)
  to   space 2048K, 0% used [0x00000000eae80000,0x00000000eae80000,0x00000000eb080000)
 ParOldGen       total 260096K, used 255044K [0x00000000c0000000, 0x00000000cfe00000, 0x00000000eab00000)
  object space 260096K, 98% used [0x00000000c0000000,0x00000000cf911158,0x00000000cfe00000)
 Metaspace       used 83064K, committed 84032K, reserved 1130496K
  class space    used 8175K, committed 8576K, reserved 1048576K
}
Event: 2867.568 GC heap before
{Heap before GC invocations=8797 (full 144):
 PSYoungGen      total 2560K, used 2559K [0x00000000eab00000, 0x00000000eb080000, 0x0000000100000000)
  eden space 1536K, 99% used [0x00000000eab00000,0x00000000eac7ffc0,0x00000000eac80000)
  from space 1024K, 100% used [0x00000000ead00000,0x00000000eae00000,0x00000000eae00000)
  to   space 2048K, 0% used [0x00000000eae80000,0x00000000eae80000,0x00000000eb080000)
 ParOldGen       total 260096K, used 255044K [0x00000000c0000000, 0x00000000cfe00000, 0x00000000eab00000)
  object space 260096K, 98% used [0x00000000c0000000,0x00000000cf911158,0x00000000cfe00000)
 Metaspace       used 83064K, committed 84032K, reserved 1130496K
  class space    used 8175K, committed 8576K, reserved 1048576K
}

